<?xml version="1.0" encoding="UTF-8"?>
<!-- Generated by org.testng.reporters.JUnitXMLReporter -->
<testsuite ignored="1" hostname="Cormsquare" failures="0" tests="1" name="catalog_flow" time="60.739" errors="0" timestamp="2025-02-10T17:22:25 IST">
  <testcase classname="com.procurement.poc.Catalog_E2E_Flow" name="Flow" time="46.968"/>
  <testcase classname="com.procurement.poc.base.BaseTest" name="@AfterTest tearDown" time="0.0">
    <ignored/>
  </testcase> <!-- @AfterTest tearDown -->
</testsuite> <!-- catalog_flow -->
