<?xml version="1.0" encoding="UTF-8"?>
<testng-results ignored="0" total="1" passed="1" failed="0" skipped="0">
  <reporter-output>
  </reporter-output>
  <suite started-at="2025-02-10T17:57:16 IST" name="catalog_regression" finished-at="2025-02-10T17:58:22 IST" duration-ms="66897">
    <groups>
    </groups>
    <test started-at="2025-02-10T17:57:16 IST" name="catalog_flow" finished-at="2025-02-10T17:58:22 IST" duration-ms="66897">
      <class name="com.procurement.poc.Catalog_E2E_Flow">
        <test-method is-config="true" signature="setUp(java.lang.String)[pri:0, instance:com.procurement.poc.Catalog_E2E_Flow@74f0ea28]" started-at="2025-02-10T17:57:16 IST" name="setUp" finished-at="2025-02-10T17:57:24 IST" duration-ms="8073" status="PASS">
          <params>
            <param index="0">
              <value>
                <![CDATA[catalog]]>
              </value>
            </param>
          </params>
          <reporter-output>
          </reporter-output>
        </test-method> <!-- setUp -->
        <test-method signature="Flow()[pri:0, instance:com.procurement.poc.Catalog_E2E_Flow@74f0ea28]" started-at="2025-02-10T17:57:24 IST" name="Flow" finished-at="2025-02-10T17:58:22 IST" duration-ms="58290" status="PASS">
          <reporter-output>
          </reporter-output>
        </test-method> <!-- Flow -->
        <test-method is-config="true" signature="tearDown()[pri:0, instance:com.procurement.poc.Catalog_E2E_Flow@74f0ea28]" started-at="2025-02-10T17:58:22 IST" name="tearDown" finished-at="2025-02-10T17:58:22 IST" duration-ms="491" status="PASS">
          <reporter-output>
          </reporter-output>
        </test-method> <!-- tearDown -->
      </class> <!-- com.procurement.poc.Catalog_E2E_Flow -->
    </test> <!-- catalog_flow -->
  </suite> <!-- catalog_regression -->
</testng-results>
