<?xml version="1.0" encoding="UTF-8"?>
<testsuite xmlns:xsi="http://www.w3.org/2001/XMLSchema-instance" xsi:noNamespaceSchemaLocation="https://maven.apache.org/surefire/maven-surefire-plugin/xsd/surefire-test-report-3.0.xsd" version="3.0" name="TestSuite" time="17.771" tests="14" errors="0" skipped="0" failures="6">
  <properties>
[...]
</properties>
  <testcase name="create[PS, Catalog](1)" classname="com.source.classes.requisitions.create.CreateTest" time="0.019">
    <failure message="Requisition Create was not Successful expected [0] but found [200]" type="java.lang.AssertionError"><![CDATA[java.lang.AssertionError: Requisition Create was not Successful expected [0] but found [200]
	at org.testng.Assert.fail(Assert.java:111)
	at org.testng.Assert.failNotEquals(Assert.java:1578)
	at org.testng.Assert.assertEqualsImpl(Assert.java:150)
	at org.testng.Assert.assertEquals(Assert.java:132)
	at org.testng.Assert.assertEquals(Assert.java:1419)
	at org.testng.Assert.assertEquals(Assert.java:1383)
	at com.source.classes.requisitions.create.CreateTest.create(CreateTest.java:14)
	at java.base/jdk.internal.reflect.DirectMethodHandleAccessor.invoke(DirectMethodHandleAccessor.java:103)
	at java.base/java.lang.reflect.Method.invoke(Method.java:580)
	at org.testng.internal.invokers.MethodInvocationHelper.invokeMethod(MethodInvocationHelper.java:141)
	at org.testng.internal.invokers.TestInvoker.invokeMethod(TestInvoker.java:686)
	at org.testng.internal.invokers.TestInvoker.invokeTestMethod(TestInvoker.java:230)
	at org.testng.internal.invokers.MethodRunner.runInSequence(MethodRunner.java:63)
	at org.testng.internal.invokers.TestInvoker$MethodInvocationAgent.invoke(TestInvoker.java:992)
	at org.testng.internal.invokers.TestInvoker.invokeTestMethods(TestInvoker.java:203)
	at org.testng.internal.invokers.TestMethodWorker.invokeTestMethods(TestMethodWorker.java:154)
	at org.testng.internal.invokers.TestMethodWorker.run(TestMethodWorker.java:134)
	at java.base/java.util.ArrayList.forEach(ArrayList.java:1596)
	at org.testng.TestRunner.privateRun(TestRunner.java:739)
	at org.testng.TestRunner.run(TestRunner.java:614)
	at org.testng.SuiteRunner.runTest(SuiteRunner.java:421)
	at org.testng.SuiteRunner.runSequentially(SuiteRunner.java:413)
	at org.testng.SuiteRunner.privateRun(SuiteRunner.java:373)
	at org.testng.SuiteRunner.run(SuiteRunner.java:312)
	at org.testng.SuiteRunnerWorker.runSuite(SuiteRunnerWorker.java:52)
	at org.testng.SuiteRunnerWorker.run(SuiteRunnerWorker.java:95)
	at org.testng.TestNG.runSuitesSequentially(TestNG.java:1274)
	at org.testng.TestNG.runSuitesSequentially(TestNG.java:1269)
	at org.testng.TestNG.runSuitesLocally(TestNG.java:1208)
	at org.testng.TestNG.runSuites(TestNG.java:1112)
	at org.testng.TestNG.run(TestNG.java:1079)
	at org.apache.maven.surefire.testng.TestNGExecutor.run(TestNGExecutor.java:308)
	at org.apache.maven.surefire.testng.TestNGXmlTestSuite.execute(TestNGXmlTestSuite.java:71)
	at org.apache.maven.surefire.testng.TestNGProvider.invoke(TestNGProvider.java:113)
	at org.apache.maven.surefire.booter.ForkedBooter.runSuitesInProcess(ForkedBooter.java:385)
	at org.apache.maven.surefire.booter.ForkedBooter.execute(ForkedBooter.java:162)
	at org.apache.maven.surefire.booter.ForkedBooter.run(ForkedBooter.java:507)
	at org.apache.maven.surefire.booter.ForkedBooter.main(ForkedBooter.java:495)
]]></failure>
    <system-out><![CDATA[Error initializing browser: Error {
  message='Invalid URL: /playwright/
  name='SyntaxError
  stack='SyntaxError: Invalid URL: /playwright/
    at my (C:\Users\issac\AppData\Local\Temp\playwright-java-1172114142332824643\package\lib\utilsBundleImpl\index.js:173:36795)
    at new t (C:\Users\issac\AppData\Local\Temp\playwright-java-1172114142332824643\package\lib\utilsBundleImpl\index.js:173:31304)
    at new WebSocketTransport (C:\Users\issac\AppData\Local\Temp\playwright-java-1172114142332824643\package\lib\server\transport.js:110:16)
    at WebSocketTransport._connect (C:\Users\issac\AppData\Local\Temp\playwright-java-1172114142332824643\package\lib\server\transport.js:47:23)
    at WebSocketTransport._connect (C:\Users\issac\AppData\Local\Temp\playwright-java-1172114142332824643\package\lib\server\transport.js:91:33)
    at process.processTicksAndRejections (node:internal/process/task_queues:105:5)
    at async WebSocketTransport.connect (C:\Users\issac\AppData\Local\Temp\playwright-java-1172114142332824643\package\lib\server\transport.js:39:12)
    at async C:\Users\issac\AppData\Local\Temp\playwright-java-1172114142332824643\package\lib\server\dispatchers\localUtilsDispatcher.js:85:25
    at async ProgressController.run (C:\Users\issac\AppData\Local\Temp\playwright-java-1172114142332824643\package\lib\server\progress.js:79:22)
    at async LocalUtilsDispatcher.connect (C:\Users\issac\AppData\Local\Temp\playwright-java-1172114142332824643\package\lib\server\dispatchers\localUtilsDispatcher.js:77:12)
}
Call log:
-   - <ws connecting> ws://localhost:4444/playwright
-   - <ws error> ws://localhost:4444/playwright error WebSocket was closed before the connection was established
-   - <ws connect error> ws://localhost:4444/playwright WebSocket was closed before the connection was established
-   - <ws disconnected> ws://localhost:4444/playwright code=1006 reason=
-   - <ws connecting> /playwright/

Error initializing browser context: Cannot invoke "com.microsoft.playwright.Browser.newContext(com.microsoft.playwright.Browser$NewContextOptions)" because the return value of "com.factory.PlaywrightFactory.getBrowser()" is null
Error initializing page: Cannot invoke "com.microsoft.playwright.BrowserContext.newPage()" because the return value of "com.factory.PlaywrightFactory.getBrowserContext()" is null
00:34:58.318 [main] ERROR com.factory.PlaywrightFactory - Error in Start Tracing Function: Cannot invoke "com.microsoft.playwright.BrowserContext.tracing()" because "context" is null
00:34:58.495 [main] ERROR com.source.classes.login.Login - Error in Perform Login Function: Cannot invoke "com.microsoft.playwright.Page.locator(String)" because "this.page" is null
00:34:58.495 [main] ERROR com.source.classes.requisitions.create.Create - Exception in Create Button Function: Cannot invoke "com.microsoft.playwright.Page.locator(String)" because "this.page" is null
00:34:58.497 [main] ERROR com.source.classes.requisitions.create.Create - Exception in Purchase Type Function: Cannot invoke "com.microsoft.playwright.Page.locator(String)" because "this.page" is null
00:34:58.499 [main] ERROR com.source.classes.requisitions.create.Create - Exception in Title Function: Cannot invoke "com.microsoft.playwright.Page.locator(String)" because "this.page" is null
00:34:58.500 [main] ERROR com.source.classes.requisitions.create.Create - Exception in Ship To Yokogawa Function: Cannot invoke "com.microsoft.playwright.Page.locator(String)" because "this.page" is null
00:34:58.500 [main] ERROR com.source.classes.requisitions.create.Create - Exception in Project Function: Cannot invoke "com.microsoft.playwright.Page.locator(String)" because "this.page" is null
00:34:58.500 [main] ERROR com.source.classes.requisitions.create.Create - Exception in Vendor Function: Cannot invoke "com.microsoft.playwright.Page.locator(String)" because "this.page" is null
00:34:58.500 [main] ERROR com.source.classes.requisitions.create.Create - Exception in Rate Contract Function: Cannot invoke "com.microsoft.playwright.Page.locator(String)" because "this.page" is null
00:34:58.500 [main] ERROR com.source.classes.requisitions.create.Create - Exception in Shipping Address Function: Cannot invoke "com.microsoft.playwright.Page.locator(String)" because "this.page" is null
00:34:58.500 [main] ERROR com.source.classes.requisitions.create.Create - Exception in Shipping Mode Function: Cannot invoke "com.microsoft.playwright.Page.locator(String)" because "this.page" is null
00:34:58.500 [main] ERROR com.source.classes.requisitions.create.Create - Exception in Expected PO Function: Cannot invoke "com.microsoft.playwright.Page.locator(String)" because "this.page" is null
00:34:58.500 [main] ERROR com.source.classes.requisitions.create.Create - Exception in Expected Delivery Function: Cannot invoke "com.microsoft.playwright.Page.locator(String)" because "this.page" is null
00:34:58.500 [main] ERROR com.source.classes.requisitions.create.Create - Exception in Buyer Manager Function: Cannot invoke "com.microsoft.playwright.Page.locator(String)" because "this.page" is null
00:34:58.500 [main] ERROR com.source.classes.requisitions.create.Create - Exception in Project Manager Function: Cannot invoke "com.microsoft.playwright.Page.locator(String)" because "this.page" is null
00:34:58.500 [main] ERROR com.source.classes.requisitions.create.Create - Exception in Inspection Required Function: Cannot invoke "com.microsoft.playwright.Page.locator(String)" because "this.page" is null
00:34:58.500 [main] ERROR com.source.classes.requisitions.create.Create - Exception in TCAS Function: Cannot invoke "com.microsoft.playwright.Page.locator(String)" because "this.page" is null
00:34:58.500 [main] ERROR com.source.classes.requisitions.create.Create - Exception in Catalog Requisition Items Function: Cannot invoke "com.microsoft.playwright.Page.locator(String)" because "this.page" is null
00:34:58.500 [main] ERROR com.source.classes.requisitions.create.Create - Exception in Requisition Notes Function: Cannot invoke "com.microsoft.playwright.Page.locator(String)" because "this.page" is null
00:34:58.500 [main] ERROR com.source.classes.requisitions.create.Create - Exception in Requisition Attachments Function: Cannot invoke "com.microsoft.playwright.Page.locator(String)" because "this.page" is null
00:34:58.502 [main] ERROR com.source.classes.requisitions.create.Create - Exception in Requisition Create Function: Cannot invoke "com.microsoft.playwright.Page.locator(String)" because "this.page" is null
]]></system-out>
    <system-err><![CDATA[SLF4J: Failed to load class "org.slf4j.impl.StaticLoggerBinder".
SLF4J: Defaulting to no-operation (NOP) logger implementation
SLF4J: See http://www.slf4j.org/codes.html#StaticLoggerBinder for further details.
]]></system-err>
  </testcase>
  <testcase name="sendForApproval[PS, Catalog](1)" classname="com.source.classes.requisitions.sendforapproval.SendForApprovalTest" time="0.005">
    <failure message="Requisition Send For Approval was not successful expected [0] but found [200]" type="java.lang.AssertionError"><![CDATA[java.lang.AssertionError: Requisition Send For Approval was not successful expected [0] but found [200]
	at org.testng.Assert.fail(Assert.java:111)
	at org.testng.Assert.failNotEquals(Assert.java:1578)
	at org.testng.Assert.assertEqualsImpl(Assert.java:150)
	at org.testng.Assert.assertEquals(Assert.java:132)
	at org.testng.Assert.assertEquals(Assert.java:1419)
	at org.testng.Assert.assertEquals(Assert.java:1383)
	at com.source.classes.requisitions.sendforapproval.SendForApprovalTest.sendForApproval(SendForApprovalTest.java:14)
	at java.base/jdk.internal.reflect.DirectMethodHandleAccessor.invoke(DirectMethodHandleAccessor.java:103)
	at java.base/java.lang.reflect.Method.invoke(Method.java:580)
	at org.testng.internal.invokers.MethodInvocationHelper.invokeMethod(MethodInvocationHelper.java:141)
	at org.testng.internal.invokers.TestInvoker.invokeMethod(TestInvoker.java:686)
	at org.testng.internal.invokers.TestInvoker.invokeTestMethod(TestInvoker.java:230)
	at org.testng.internal.invokers.MethodRunner.runInSequence(MethodRunner.java:63)
	at org.testng.internal.invokers.TestInvoker$MethodInvocationAgent.invoke(TestInvoker.java:992)
	at org.testng.internal.invokers.TestInvoker.invokeTestMethods(TestInvoker.java:203)
	at org.testng.internal.invokers.TestMethodWorker.invokeTestMethods(TestMethodWorker.java:154)
	at org.testng.internal.invokers.TestMethodWorker.run(TestMethodWorker.java:134)
	at java.base/java.util.ArrayList.forEach(ArrayList.java:1596)
	at org.testng.TestRunner.privateRun(TestRunner.java:739)
	at org.testng.TestRunner.run(TestRunner.java:614)
	at org.testng.SuiteRunner.runTest(SuiteRunner.java:421)
	at org.testng.SuiteRunner.runSequentially(SuiteRunner.java:413)
	at org.testng.SuiteRunner.privateRun(SuiteRunner.java:373)
	at org.testng.SuiteRunner.run(SuiteRunner.java:312)
	at org.testng.SuiteRunnerWorker.runSuite(SuiteRunnerWorker.java:52)
	at org.testng.SuiteRunnerWorker.run(SuiteRunnerWorker.java:95)
	at org.testng.TestNG.runSuitesSequentially(TestNG.java:1274)
	at org.testng.TestNG.runSuitesSequentially(TestNG.java:1269)
	at org.testng.TestNG.runSuitesLocally(TestNG.java:1208)
	at org.testng.TestNG.runSuites(TestNG.java:1112)
	at org.testng.TestNG.run(TestNG.java:1079)
	at org.apache.maven.surefire.testng.TestNGExecutor.run(TestNGExecutor.java:308)
	at org.apache.maven.surefire.testng.TestNGXmlTestSuite.execute(TestNGXmlTestSuite.java:71)
	at org.apache.maven.surefire.testng.TestNGProvider.invoke(TestNGProvider.java:113)
	at org.apache.maven.surefire.booter.ForkedBooter.runSuitesInProcess(ForkedBooter.java:385)
	at org.apache.maven.surefire.booter.ForkedBooter.execute(ForkedBooter.java:162)
	at org.apache.maven.surefire.booter.ForkedBooter.run(ForkedBooter.java:507)
	at org.apache.maven.surefire.booter.ForkedBooter.main(ForkedBooter.java:495)
]]></failure>
    <system-out><![CDATA[00:34:58.538 [main] ERROR com.source.classes.login.Login - Error in Perform Login Function: Cannot invoke "com.microsoft.playwright.Page.locator(String)" because "this.page" is null
00:34:58.539 [main] ERROR com.source.classes.requisitions.sendforapproval.SendForApproval - Exception in Requisition Send For Approval Function: Cannot invoke "com.microsoft.playwright.Page.locator(String)" because "this.page" is null
]]></system-out>
  </testcase>
  <testcase name="approve[PS, Catalog](1)" classname="com.source.classes.requisitions.approve.ApproveTest" time="0.006">
    <failure message="Requisition Approve was not successful expected [0] but found [200]" type="java.lang.AssertionError"><![CDATA[java.lang.AssertionError: Requisition Approve was not successful expected [0] but found [200]
	at org.testng.Assert.fail(Assert.java:111)
	at org.testng.Assert.failNotEquals(Assert.java:1578)
	at org.testng.Assert.assertEqualsImpl(Assert.java:150)
	at org.testng.Assert.assertEquals(Assert.java:132)
	at org.testng.Assert.assertEquals(Assert.java:1419)
	at org.testng.Assert.assertEquals(Assert.java:1383)
	at com.source.classes.requisitions.approve.ApproveTest.approve(ApproveTest.java:14)
	at java.base/jdk.internal.reflect.DirectMethodHandleAccessor.invoke(DirectMethodHandleAccessor.java:103)
	at java.base/java.lang.reflect.Method.invoke(Method.java:580)
	at org.testng.internal.invokers.MethodInvocationHelper.invokeMethod(MethodInvocationHelper.java:141)
	at org.testng.internal.invokers.TestInvoker.invokeMethod(TestInvoker.java:686)
	at org.testng.internal.invokers.TestInvoker.invokeTestMethod(TestInvoker.java:230)
	at org.testng.internal.invokers.MethodRunner.runInSequence(MethodRunner.java:63)
	at org.testng.internal.invokers.TestInvoker$MethodInvocationAgent.invoke(TestInvoker.java:992)
	at org.testng.internal.invokers.TestInvoker.invokeTestMethods(TestInvoker.java:203)
	at org.testng.internal.invokers.TestMethodWorker.invokeTestMethods(TestMethodWorker.java:154)
	at org.testng.internal.invokers.TestMethodWorker.run(TestMethodWorker.java:134)
	at java.base/java.util.ArrayList.forEach(ArrayList.java:1596)
	at org.testng.TestRunner.privateRun(TestRunner.java:739)
	at org.testng.TestRunner.run(TestRunner.java:614)
	at org.testng.SuiteRunner.runTest(SuiteRunner.java:421)
	at org.testng.SuiteRunner.runSequentially(SuiteRunner.java:413)
	at org.testng.SuiteRunner.privateRun(SuiteRunner.java:373)
	at org.testng.SuiteRunner.run(SuiteRunner.java:312)
	at org.testng.SuiteRunnerWorker.runSuite(SuiteRunnerWorker.java:52)
	at org.testng.SuiteRunnerWorker.run(SuiteRunnerWorker.java:95)
	at org.testng.TestNG.runSuitesSequentially(TestNG.java:1274)
	at org.testng.TestNG.runSuitesSequentially(TestNG.java:1269)
	at org.testng.TestNG.runSuitesLocally(TestNG.java:1208)
	at org.testng.TestNG.runSuites(TestNG.java:1112)
	at org.testng.TestNG.run(TestNG.java:1079)
	at org.apache.maven.surefire.testng.TestNGExecutor.run(TestNGExecutor.java:308)
	at org.apache.maven.surefire.testng.TestNGXmlTestSuite.execute(TestNGXmlTestSuite.java:71)
	at org.apache.maven.surefire.testng.TestNGProvider.invoke(TestNGProvider.java:113)
	at org.apache.maven.surefire.booter.ForkedBooter.runSuitesInProcess(ForkedBooter.java:385)
	at org.apache.maven.surefire.booter.ForkedBooter.execute(ForkedBooter.java:162)
	at org.apache.maven.surefire.booter.ForkedBooter.run(ForkedBooter.java:507)
	at org.apache.maven.surefire.booter.ForkedBooter.main(ForkedBooter.java:495)
]]></failure>
    <system-out><![CDATA[00:34:58.550 [main] ERROR com.source.classes.login.Login - Error in Perform Login Function: Cannot invoke "com.microsoft.playwright.Page.locator(String)" because "this.page" is null
00:34:58.552 [main] ERROR com.source.classes.requisitions.approve.Approve - Exception in Requisition Approve Function: Cannot invoke "com.microsoft.playwright.Page.locator(String)" because "this.page" is null
]]></system-out>
  </testcase>
  <testcase name="suspend[PS, Catalog](1)" classname="com.source.classes.requisitions.suspend.BuyerManagerSuspendTest" time="0.008">
    <failure message="Requisition Suspend was not Successful expected [0] but found [200]" type="java.lang.AssertionError"><![CDATA[java.lang.AssertionError: Requisition Suspend was not Successful expected [0] but found [200]
	at org.testng.Assert.fail(Assert.java:111)
	at org.testng.Assert.failNotEquals(Assert.java:1578)
	at org.testng.Assert.assertEqualsImpl(Assert.java:150)
	at org.testng.Assert.assertEquals(Assert.java:132)
	at org.testng.Assert.assertEquals(Assert.java:1419)
	at org.testng.Assert.assertEquals(Assert.java:1383)
	at com.source.classes.requisitions.suspend.BuyerManagerSuspendTest.suspend(BuyerManagerSuspendTest.java:14)
	at java.base/jdk.internal.reflect.DirectMethodHandleAccessor.invoke(DirectMethodHandleAccessor.java:103)
	at java.base/java.lang.reflect.Method.invoke(Method.java:580)
	at org.testng.internal.invokers.MethodInvocationHelper.invokeMethod(MethodInvocationHelper.java:141)
	at org.testng.internal.invokers.TestInvoker.invokeMethod(TestInvoker.java:686)
	at org.testng.internal.invokers.TestInvoker.invokeTestMethod(TestInvoker.java:230)
	at org.testng.internal.invokers.MethodRunner.runInSequence(MethodRunner.java:63)
	at org.testng.internal.invokers.TestInvoker$MethodInvocationAgent.invoke(TestInvoker.java:992)
	at org.testng.internal.invokers.TestInvoker.invokeTestMethods(TestInvoker.java:203)
	at org.testng.internal.invokers.TestMethodWorker.invokeTestMethods(TestMethodWorker.java:154)
	at org.testng.internal.invokers.TestMethodWorker.run(TestMethodWorker.java:134)
	at java.base/java.util.ArrayList.forEach(ArrayList.java:1596)
	at org.testng.TestRunner.privateRun(TestRunner.java:739)
	at org.testng.TestRunner.run(TestRunner.java:614)
	at org.testng.SuiteRunner.runTest(SuiteRunner.java:421)
	at org.testng.SuiteRunner.runSequentially(SuiteRunner.java:413)
	at org.testng.SuiteRunner.privateRun(SuiteRunner.java:373)
	at org.testng.SuiteRunner.run(SuiteRunner.java:312)
	at org.testng.SuiteRunnerWorker.runSuite(SuiteRunnerWorker.java:52)
	at org.testng.SuiteRunnerWorker.run(SuiteRunnerWorker.java:95)
	at org.testng.TestNG.runSuitesSequentially(TestNG.java:1274)
	at org.testng.TestNG.runSuitesSequentially(TestNG.java:1269)
	at org.testng.TestNG.runSuitesLocally(TestNG.java:1208)
	at org.testng.TestNG.runSuites(TestNG.java:1112)
	at org.testng.TestNG.run(TestNG.java:1079)
	at org.apache.maven.surefire.testng.TestNGExecutor.run(TestNGExecutor.java:308)
	at org.apache.maven.surefire.testng.TestNGXmlTestSuite.execute(TestNGXmlTestSuite.java:71)
	at org.apache.maven.surefire.testng.TestNGProvider.invoke(TestNGProvider.java:113)
	at org.apache.maven.surefire.booter.ForkedBooter.runSuitesInProcess(ForkedBooter.java:385)
	at org.apache.maven.surefire.booter.ForkedBooter.execute(ForkedBooter.java:162)
	at org.apache.maven.surefire.booter.ForkedBooter.run(ForkedBooter.java:507)
	at org.apache.maven.surefire.booter.ForkedBooter.main(ForkedBooter.java:495)
]]></failure>
    <system-out><![CDATA[00:34:58.568 [main] ERROR com.source.classes.login.Login - Error in Perform Login Function: Cannot invoke "com.microsoft.playwright.Page.locator(String)" because "this.page" is null
00:34:58.570 [main] ERROR com.source.classes.requisitions.suspend.BuyerManagerSuspend - Error in Requisition Buyer Manager Suspend Function: Cannot invoke "com.microsoft.playwright.Page.locator(String)" because "this.page" is null
]]></system-out>
  </testcase>
  <testcase name="create[PS, Catalog](1)" classname="com.source.classes.purchaseorderrequests.create.PorCreateTest" time="0.006">
    <failure message="Requisition Create was not Successful expected [0] but found [200]" type="java.lang.AssertionError"><![CDATA[java.lang.AssertionError: Requisition Create was not Successful expected [0] but found [200]
	at org.testng.Assert.fail(Assert.java:111)
	at org.testng.Assert.failNotEquals(Assert.java:1578)
	at org.testng.Assert.assertEqualsImpl(Assert.java:150)
	at org.testng.Assert.assertEquals(Assert.java:132)
	at org.testng.Assert.assertEquals(Assert.java:1419)
	at org.testng.Assert.assertEquals(Assert.java:1383)
	at com.source.classes.purchaseorderrequests.create.PorCreateTest.create(PorCreateTest.java:14)
	at java.base/jdk.internal.reflect.DirectMethodHandleAccessor.invoke(DirectMethodHandleAccessor.java:103)
	at java.base/java.lang.reflect.Method.invoke(Method.java:580)
	at org.testng.internal.invokers.MethodInvocationHelper.invokeMethod(MethodInvocationHelper.java:141)
	at org.testng.internal.invokers.TestInvoker.invokeMethod(TestInvoker.java:686)
	at org.testng.internal.invokers.TestInvoker.invokeTestMethod(TestInvoker.java:230)
	at org.testng.internal.invokers.MethodRunner.runInSequence(MethodRunner.java:63)
	at org.testng.internal.invokers.TestInvoker$MethodInvocationAgent.invoke(TestInvoker.java:992)
	at org.testng.internal.invokers.TestInvoker.invokeTestMethods(TestInvoker.java:203)
	at org.testng.internal.invokers.TestMethodWorker.invokeTestMethods(TestMethodWorker.java:154)
	at org.testng.internal.invokers.TestMethodWorker.run(TestMethodWorker.java:134)
	at java.base/java.util.ArrayList.forEach(ArrayList.java:1596)
	at org.testng.TestRunner.privateRun(TestRunner.java:739)
	at org.testng.TestRunner.run(TestRunner.java:614)
	at org.testng.SuiteRunner.runTest(SuiteRunner.java:421)
	at org.testng.SuiteRunner.runSequentially(SuiteRunner.java:413)
	at org.testng.SuiteRunner.privateRun(SuiteRunner.java:373)
	at org.testng.SuiteRunner.run(SuiteRunner.java:312)
	at org.testng.SuiteRunnerWorker.runSuite(SuiteRunnerWorker.java:52)
	at org.testng.SuiteRunnerWorker.run(SuiteRunnerWorker.java:95)
	at org.testng.TestNG.runSuitesSequentially(TestNG.java:1274)
	at org.testng.TestNG.runSuitesSequentially(TestNG.java:1269)
	at org.testng.TestNG.runSuitesLocally(TestNG.java:1208)
	at org.testng.TestNG.runSuites(TestNG.java:1112)
	at org.testng.TestNG.run(TestNG.java:1079)
	at org.apache.maven.surefire.testng.TestNGExecutor.run(TestNGExecutor.java:308)
	at org.apache.maven.surefire.testng.TestNGXmlTestSuite.execute(TestNGXmlTestSuite.java:71)
	at org.apache.maven.surefire.testng.TestNGProvider.invoke(TestNGProvider.java:113)
	at org.apache.maven.surefire.booter.ForkedBooter.runSuitesInProcess(ForkedBooter.java:385)
	at org.apache.maven.surefire.booter.ForkedBooter.execute(ForkedBooter.java:162)
	at org.apache.maven.surefire.booter.ForkedBooter.run(ForkedBooter.java:507)
	at org.apache.maven.surefire.booter.ForkedBooter.main(ForkedBooter.java:495)
]]></failure>
    <system-out><![CDATA[00:34:58.584 [main] ERROR com.source.classes.login.Login - Error in Perform Login Function: Cannot invoke "com.microsoft.playwright.Page.locator(String)" because "this.page" is null
00:34:58.584 [main] ERROR com.source.classes.purchaseorderrequests.create.PorCreate - Exception in POR Create For Catalog Type Function: Cannot invoke "com.microsoft.playwright.Page.locator(String)" because "this.page" is null
00:34:58.584 [main] ERROR com.source.classes.purchaseorderrequests.create.PorCreate - Exception in POR Create Tax Code Function: Cannot invoke "com.microsoft.playwright.Page.getByText(String)" because "this.page" is null
00:34:58.584 [main] ERROR com.source.classes.purchaseorderrequests.create.PorCreate - Exception in POR Notes Function: Cannot invoke "com.microsoft.playwright.Page.locator(String)" because "this.page" is null
00:34:58.585 [main] ERROR com.source.classes.purchaseorderrequests.create.PorCreate - Exception in POR Create Button Function: Cannot invoke "com.microsoft.playwright.Page.locator(String)" because "this.page" is null
]]></system-out>
  </testcase>
  <testcase name="create[Sales, Catalog](1)" classname="com.source.classes.purchaseorderrequests.create.PorCreateTest" time="0.001">
    <failure message="Requisition Create was not Successful expected [0] but found [200]" type="java.lang.AssertionError"><![CDATA[java.lang.AssertionError: Requisition Create was not Successful expected [0] but found [200]
	at org.testng.Assert.fail(Assert.java:111)
	at org.testng.Assert.failNotEquals(Assert.java:1578)
	at org.testng.Assert.assertEqualsImpl(Assert.java:150)
	at org.testng.Assert.assertEquals(Assert.java:132)
	at org.testng.Assert.assertEquals(Assert.java:1419)
	at org.testng.Assert.assertEquals(Assert.java:1383)
	at com.source.classes.purchaseorderrequests.create.PorCreateTest.create(PorCreateTest.java:14)
	at java.base/jdk.internal.reflect.DirectMethodHandleAccessor.invoke(DirectMethodHandleAccessor.java:103)
	at java.base/java.lang.reflect.Method.invoke(Method.java:580)
	at org.testng.internal.invokers.MethodInvocationHelper.invokeMethod(MethodInvocationHelper.java:141)
	at org.testng.internal.invokers.TestInvoker.invokeMethod(TestInvoker.java:686)
	at org.testng.internal.invokers.TestInvoker.invokeTestMethod(TestInvoker.java:230)
	at org.testng.internal.invokers.MethodRunner.runInSequence(MethodRunner.java:63)
	at org.testng.internal.invokers.TestInvoker$MethodInvocationAgent.invoke(TestInvoker.java:992)
	at org.testng.internal.invokers.TestInvoker.invokeTestMethods(TestInvoker.java:203)
	at org.testng.internal.invokers.TestMethodWorker.invokeTestMethods(TestMethodWorker.java:154)
	at org.testng.internal.invokers.TestMethodWorker.run(TestMethodWorker.java:134)
	at java.base/java.util.ArrayList.forEach(ArrayList.java:1596)
	at org.testng.TestRunner.privateRun(TestRunner.java:739)
	at org.testng.TestRunner.run(TestRunner.java:614)
	at org.testng.SuiteRunner.runTest(SuiteRunner.java:421)
	at org.testng.SuiteRunner.runSequentially(SuiteRunner.java:413)
	at org.testng.SuiteRunner.privateRun(SuiteRunner.java:373)
	at org.testng.SuiteRunner.run(SuiteRunner.java:312)
	at org.testng.SuiteRunnerWorker.runSuite(SuiteRunnerWorker.java:52)
	at org.testng.SuiteRunnerWorker.run(SuiteRunnerWorker.java:95)
	at org.testng.TestNG.runSuitesSequentially(TestNG.java:1274)
	at org.testng.TestNG.runSuitesSequentially(TestNG.java:1269)
	at org.testng.TestNG.runSuitesLocally(TestNG.java:1208)
	at org.testng.TestNG.runSuites(TestNG.java:1112)
	at org.testng.TestNG.run(TestNG.java:1079)
	at org.apache.maven.surefire.testng.TestNGExecutor.run(TestNGExecutor.java:308)
	at org.apache.maven.surefire.testng.TestNGXmlTestSuite.execute(TestNGXmlTestSuite.java:71)
	at org.apache.maven.surefire.testng.TestNGProvider.invoke(TestNGProvider.java:113)
	at org.apache.maven.surefire.booter.ForkedBooter.runSuitesInProcess(ForkedBooter.java:385)
	at org.apache.maven.surefire.booter.ForkedBooter.execute(ForkedBooter.java:162)
	at org.apache.maven.surefire.booter.ForkedBooter.run(ForkedBooter.java:507)
	at org.apache.maven.surefire.booter.ForkedBooter.main(ForkedBooter.java:495)
]]></failure>
    <system-out><![CDATA[00:34:58.627 [main] ERROR com.factory.PlaywrightFactory - Error in Stop Tracing Function: Cannot invoke "com.microsoft.playwright.BrowserContext.tracing()" because "context" is null
Error Initializing Global Tear Down Function: Cannot invoke "com.microsoft.playwright.BrowserContext.browser()" because "com.base.BaseTest.browserContext" is null
Error initializing browser: Error {
  message='Invalid URL: /playwright/
  name='SyntaxError
  stack='SyntaxError: Invalid URL: /playwright/
    at my (C:\Users\issac\AppData\Local\Temp\playwright-java-1172114142332824643\package\lib\utilsBundleImpl\index.js:173:36795)
    at new t (C:\Users\issac\AppData\Local\Temp\playwright-java-1172114142332824643\package\lib\utilsBundleImpl\index.js:173:31304)
    at new WebSocketTransport (C:\Users\issac\AppData\Local\Temp\playwright-java-1172114142332824643\package\lib\server\transport.js:110:16)
    at WebSocketTransport._connect (C:\Users\issac\AppData\Local\Temp\playwright-java-1172114142332824643\package\lib\server\transport.js:47:23)
    at WebSocketTransport._connect (C:\Users\issac\AppData\Local\Temp\playwright-java-1172114142332824643\package\lib\server\transport.js:91:33)
    at process.processTicksAndRejections (node:internal/process/task_queues:105:5)
    at async WebSocketTransport.connect (C:\Users\issac\AppData\Local\Temp\playwright-java-1172114142332824643\package\lib\server\transport.js:39:12)
    at async C:\Users\issac\AppData\Local\Temp\playwright-java-1172114142332824643\package\lib\server\dispatchers\localUtilsDispatcher.js:85:25
    at async ProgressController.run (C:\Users\issac\AppData\Local\Temp\playwright-java-1172114142332824643\package\lib\server\progress.js:79:22)
    at async LocalUtilsDispatcher.connect (C:\Users\issac\AppData\Local\Temp\playwright-java-1172114142332824643\package\lib\server\dispatchers\localUtilsDispatcher.js:77:12)
}
Call log:
-   - <ws connecting> ws://localhost:4444/playwright
-   - <ws error> ws://localhost:4444/playwright error WebSocket was closed before the connection was established
-   - <ws connect error> ws://localhost:4444/playwright WebSocket was closed before the connection was established
-   - <ws disconnected> ws://localhost:4444/playwright code=1006 reason=
-   - <ws connecting> /playwright/

Error initializing browser context: Cannot invoke "com.microsoft.playwright.Browser.newContext(com.microsoft.playwright.Browser$NewContextOptions)" because the return value of "com.factory.PlaywrightFactory.getBrowser()" is null
Error initializing page: Cannot invoke "com.microsoft.playwright.BrowserContext.newPage()" because the return value of "com.factory.PlaywrightFactory.getBrowserContext()" is null
00:35:00.402 [main] ERROR com.factory.PlaywrightFactory - Error in Start Tracing Function: Cannot invoke "com.microsoft.playwright.BrowserContext.tracing()" because "context" is null
00:35:00.405 [main] ERROR com.source.classes.login.Login - Error in Perform Login Function: Cannot invoke "com.microsoft.playwright.Page.locator(String)" because "this.page" is null
00:35:00.406 [main] ERROR com.source.classes.purchaseorderrequests.create.PorCreate - Exception in POR Create For Catalog Type Function: Cannot invoke "com.microsoft.playwright.Page.locator(String)" because "this.page" is null
00:35:00.406 [main] ERROR com.source.classes.purchaseorderrequests.create.PorCreate - Exception in POR Create Tax Code Function: Cannot invoke "com.microsoft.playwright.Page.getByText(String)" because "this.page" is null
00:35:00.406 [main] ERROR com.source.classes.purchaseorderrequests.create.PorCreate - Exception in POR Notes Function: Cannot invoke "com.microsoft.playwright.Page.locator(String)" because "this.page" is null
00:35:00.407 [main] ERROR com.source.classes.purchaseorderrequests.create.PorCreate - Exception in POR Create Button Function: Cannot invoke "com.microsoft.playwright.Page.locator(String)" because "this.page" is null
]]></system-out>
  </testcase>
  <testcase name="approvalAndApprove[PS, Catalog](1)" classname="com.source.classes.purchaseorderrequests.approve.PorApproveTest" time="0.009">
    <system-out><![CDATA[00:34:58.597 [main] ERROR com.source.classes.login.Login - Error in Perform Login Function: Cannot invoke "com.microsoft.playwright.Page.locator(String)" because "this.page" is null
00:34:58.597 [main] ERROR com.source.classes.purchaseorderrequests.sendforapproval.PorSendForApproval - Exception in POR Send For Approval function: Cannot invoke "com.microsoft.playwright.Page.locator(String)" because "this.page" is null
00:34:58.598 [main] ERROR com.source.classes.login.Login - Error in Perform Login Function: Cannot invoke "com.microsoft.playwright.Page.locator(String)" because "this.page" is null
00:34:58.599 [main] ERROR com.source.classes.purchaseorderrequests.approve.PorApprove - Exception in POR Save Approvers function: Cannot invoke "com.microsoft.playwright.Page.locator(String)" because "this.page" is null
00:34:58.599 [main] ERROR com.source.classes.login.Login - Error in Perform Login Function: Cannot invoke "com.microsoft.playwright.Page.locator(String)" because "this.page" is null
00:34:58.599 [main] ERROR com.source.classes.purchaseorderrequests.approve.PorApprove - Exception in POR Approve function: Cannot invoke "com.microsoft.playwright.Page.locator(String)" because "this.page" is null
]]></system-out>
  </testcase>
  <testcase name="approvalAndApprove[Sales, Catalog](1)" classname="com.source.classes.purchaseorderrequests.approve.PorApproveTest" time="0.005">
    <system-out><![CDATA[00:35:00.491 [main] ERROR com.source.classes.login.Login - Error in Perform Login Function: Cannot invoke "com.microsoft.playwright.Page.locator(String)" because "this.page" is null
00:35:00.492 [main] ERROR com.source.classes.purchaseorderrequests.sendforapproval.PorSendForApproval - Exception in POR Send For Approval function: Cannot invoke "com.microsoft.playwright.Page.locator(String)" because "this.page" is null
00:35:00.492 [main] ERROR com.source.classes.login.Login - Error in Perform Login Function: Cannot invoke "com.microsoft.playwright.Page.locator(String)" because "this.page" is null
00:35:00.492 [main] ERROR com.source.classes.purchaseorderrequests.approve.PorApprove - Exception in POR Save Approvers function: Cannot invoke "com.microsoft.playwright.Page.locator(String)" because "this.page" is null
00:35:00.492 [main] ERROR com.source.classes.login.Login - Error in Perform Login Function: Cannot invoke "com.microsoft.playwright.Page.locator(String)" because "this.page" is null
00:35:00.492 [main] ERROR com.source.classes.purchaseorderrequests.approve.PorApprove - Exception in POR Approve function: Cannot invoke "com.microsoft.playwright.Page.locator(String)" because "this.page" is null
]]></system-out>
  </testcase>
  <testcase name="sendForVendor[PS, Catalog](1)" classname="com.source.classes.purchaseorders.PoSendForVendorTest" time="0.005">
    <system-out><![CDATA[00:34:58.614 [main] ERROR com.source.classes.login.Login - Error in Perform Login Function: Cannot invoke "com.microsoft.playwright.Page.locator(String)" because "this.page" is null
00:34:58.614 [main] ERROR com.source.classes.purchaseorders.SendForVendor - Exception in Send PO For Vendor function: Cannot invoke "com.microsoft.playwright.Page.locator(String)" because "this.page" is null
]]></system-out>
  </testcase>
  <testcase name="sendForVendor[Sales, Catalog](1)" classname="com.source.classes.purchaseorders.PoSendForVendorTest" time="0.003">
    <system-out><![CDATA[00:35:00.504 [main] ERROR com.source.classes.login.Login - Error in Perform Login Function: Cannot invoke "com.microsoft.playwright.Page.locator(String)" because "this.page" is null
00:35:00.504 [main] ERROR com.source.classes.purchaseorders.SendForVendor - Exception in Send PO For Vendor function: Cannot invoke "com.microsoft.playwright.Page.locator(String)" because "this.page" is null
]]></system-out>
  </testcase>
  <testcase name="edit[Sales, Catalog](1)" classname="com.source.classes.purchaseorderrequests.edit.PorEditTest" time="0.006">
    <system-out><![CDATA[00:35:00.425 [main] ERROR com.source.classes.login.Login - Error in Perform Login Function: Cannot invoke "com.microsoft.playwright.Page.locator(String)" because "this.page" is null
00:35:00.425 [main] ERROR com.source.classes.purchaseorderrequests.edit.PorEdit - Exception in POR Edit function: Cannot invoke "com.microsoft.playwright.Page.locator(String)" because "this.page" is null
]]></system-out>
  </testcase>
  <testcase name="suspend[Sales, Catalog](1)" classname="com.source.classes.purchaseorderrequests.suspend.SuspendEditTest" time="0.017">
    <system-out><![CDATA[00:35:00.442 [main] ERROR com.source.classes.login.Login - Error in Perform Login Function: Cannot invoke "com.microsoft.playwright.Page.locator(String)" because "this.page" is null
00:35:00.442 [main] ERROR com.source.classes.purchaseorderrequests.suspend.PorSuspend - Exception in POR Suspend function: Cannot invoke "com.microsoft.playwright.Page.locator(String)" because "this.page" is null
00:35:00.443 [main] ERROR com.source.classes.login.Login - Error in Perform Login Function: Cannot invoke "com.microsoft.playwright.Page.locator(String)" because "this.page" is null
00:35:00.443 [main] ERROR com.source.classes.purchaseorderrequests.edit.PorEdit - Exception in POR Edit function: Cannot invoke "com.microsoft.playwright.Page.locator(String)" because "this.page" is null
00:35:00.443 [main] ERROR com.source.classes.login.Login - Error in Perform Login Function: Cannot invoke "com.microsoft.playwright.Page.locator(String)" because "this.page" is null
00:35:00.443 [main] ERROR com.source.classes.purchaseorderrequests.suspend.PorSuspend - Exception in POR Suspend function: Cannot invoke "com.microsoft.playwright.Page.locator(String)" because "this.page" is null
00:35:00.443 [main] ERROR com.source.classes.login.Login - Error in Perform Login Function: Cannot invoke "com.microsoft.playwright.Page.locator(String)" because "this.page" is null
00:35:00.445 [main] ERROR com.source.classes.requisitions.edit.Edit - Exception in Requisition Edit Function: Cannot invoke "com.microsoft.playwright.Page.locator(String)" because "this.page" is null
00:35:00.445 [main] ERROR com.source.classes.login.Login - Error in Perform Login Function: Cannot invoke "com.microsoft.playwright.Page.locator(String)" because "this.page" is null
00:35:00.445 [main] ERROR com.source.classes.requisitions.sendforapproval.SendForApproval - Exception in Requisition Send For Approval Function: Cannot invoke "com.microsoft.playwright.Page.locator(String)" because "this.page" is null
00:35:00.445 [main] ERROR com.source.classes.login.Login - Error in Perform Login Function: Cannot invoke "com.microsoft.playwright.Page.locator(String)" because "this.page" is null
00:35:00.446 [main] ERROR com.source.classes.requisitions.approve.Approve - Exception in Requisition Approve Function: Cannot invoke "com.microsoft.playwright.Page.locator(String)" because "this.page" is null
00:35:00.446 [main] ERROR com.source.classes.login.Login - Error in Perform Login Function: Cannot invoke "com.microsoft.playwright.Page.locator(String)" because "this.page" is null
00:35:00.449 [main] ERROR com.source.classes.requisitions.assign.Assign - Error in Requisition Buyer Manager Assign Function: Cannot invoke "com.microsoft.playwright.Page.locator(String)" because "this.page" is null
00:35:00.449 [main] ERROR com.source.classes.login.Login - Error in Perform Login Function: Cannot invoke "com.microsoft.playwright.Page.locator(String)" because "this.page" is null
00:35:00.449 [main] ERROR com.source.classes.purchaseorderrequests.create.PorCreate - Exception in POR Create For Catalog Type Function: Cannot invoke "com.microsoft.playwright.Page.locator(String)" because "this.page" is null
00:35:00.451 [main] ERROR com.source.classes.purchaseorderrequests.create.PorCreate - Exception in POR Create Tax Code Function: Cannot invoke "com.microsoft.playwright.Page.getByText(String)" because "this.page" is null
00:35:00.451 [main] ERROR com.source.classes.purchaseorderrequests.create.PorCreate - Exception in POR Notes Function: Cannot invoke "com.microsoft.playwright.Page.locator(String)" because "this.page" is null
00:35:00.451 [main] ERROR com.source.classes.purchaseorderrequests.create.PorCreate - Exception in POR Create Button Function: Cannot invoke "com.microsoft.playwright.Page.locator(String)" because "this.page" is null
]]></system-out>
  </testcase>
  <testcase name="sendForApproval[Sales, Catalog](1)" classname="com.source.classes.purchaseorderrequests.sendforapproval.PorSendForApprovalTest" time="0.004">
    <system-out><![CDATA[00:35:00.465 [main] ERROR com.source.classes.login.Login - Error in Perform Login Function: Cannot invoke "com.microsoft.playwright.Page.locator(String)" because "this.page" is null
00:35:00.465 [main] ERROR com.source.classes.purchaseorderrequests.sendforapproval.PorSendForApproval - Exception in POR Send For Approval function: Cannot invoke "com.microsoft.playwright.Page.locator(String)" because "this.page" is null
]]></system-out>
  </testcase>
  <testcase name="reject[Sales, Catalog](1)" classname="com.source.classes.purchaseorderrequests.reject.PorRejectTest" time="0.005">
    <system-out><![CDATA[00:35:00.478 [main] ERROR com.source.classes.login.Login - Error in Perform Login Function: Cannot invoke "com.microsoft.playwright.Page.locator(String)" because "this.page" is null
00:35:00.478 [main] ERROR com.base.BaseTest - Exception in POR Reject Test Function: Cannot invoke "org.apache.logging.log4j.Logger.error(String, Object)" because "this.logger" is null
]]></system-out>
  </testcase>
</testsuite>