<?xml version="1.0" encoding="UTF-8"?>
<testsuite xmlns:xsi="http://www.w3.org/2001/XMLSchema-instance" xsi:noNamespaceSchemaLocation="https://maven.apache.org/surefire/maven-surefire-plugin/xsd/surefire-test-report-3.0.xsd" version="3.0" name="TestSuite" time="171.154" tests="6" errors="0" skipped="0" failures="0">
  <properties>
[...]
</properties>
  <testcase name="create[PS, Catalog](1)" classname="com.source.classes.requisitions.create.CreateTest" time="22.49">
    <system-err><![CDATA[SLF4J: Failed to load class "org.slf4j.impl.StaticLoggerBinder".
SLF4J: Defaulting to no-operation (NOP) logger implementation
SLF4J: See http://www.slf4j.org/codes.html#StaticLoggerBinder for further details.
]]></system-err>
  </testcase>
  <testcase name="edit[PS, Catalog](1)" classname="com.source.classes.requisitions.edit.EditTest" time="12.386"/>
  <testcase name="sendForApproval[PS, Catalog](1)" classname="com.source.classes.requisitions.sendforapproval.SendForApprovalTest" time="8.481"/>
  <testcase name="reject[PS, Catalog](1)" classname="com.source.classes.requisitions.reject.RejectTest" time="30.834"/>
  <testcase name="approve[PS, Catalog](1)" classname="com.source.classes.requisitions.approve.ApproveTest" time="8.2"/>
  <testcase name="suspend[PS, Catalog](1)" classname="com.source.classes.requisitions.suspend.BuyerManagerSuspendTest" time="44.537"/>
</testsuite>