<?xml version="1.0" encoding="UTF-8"?>
<testng-results ignored="0" total="6" passed="6" failed="0" skipped="0">
  <reporter-output>
  </reporter-output>
  <suite started-at="2025-05-06T20:44:54 IST" name="GePS-HOPES_YEA PR - Invoice Functional Test Suite" finished-at="2025-05-06T20:44:54 IST" duration-ms="0">
    <groups>
    </groups>
  </suite> <!-- GePS-HOPES_YEA PR - Invoice Functional Test Suite -->
  <suite started-at="2025-05-06T20:42:28 IST" name="GePS-HOPES_YEA PS Catalog Test Cases" finished-at="2025-05-06T20:44:35 IST" duration-ms="127694">
    <groups>
    </groups>
    <test started-at="2025-05-06T20:42:28 IST" name="Requisition Create" finished-at="2025-05-06T20:42:51 IST" duration-ms="22876">
      <class name="com.source.classes.requisitions.create.CreateTest">
        <test-method is-config="true" signature="setUp()[pri:0, instance:com.source.classes.requisitions.create.CreateTest@2e185cd7]" started-at="2025-05-06T20:42:28 IST" name="setUp" finished-at="2025-05-06T20:42:28 IST" duration-ms="329" status="PASS">
          <reporter-output>
          </reporter-output>
        </test-method> <!-- setUp -->
        <test-method signature="create(java.lang.String,java.lang.String)[pri:0, instance:com.source.classes.requisitions.create.CreateTest@2e185cd7]" started-at="2025-05-06T20:42:28 IST" name="create" finished-at="2025-05-06T20:42:50 IST" duration-ms="22483" status="PASS">
          <params>
            <param index="0">
              <value>
                <![CDATA[PS]]>
              </value>
            </param>
            <param index="1">
              <value>
                <![CDATA[Catalog]]>
              </value>
            </param>
          </params>
          <reporter-output>
          </reporter-output>
        </test-method> <!-- create -->
      </class> <!-- com.source.classes.requisitions.create.CreateTest -->
    </test> <!-- Requisition Create -->
    <test started-at="2025-05-06T20:42:51 IST" name="Requisition Edit" finished-at="2025-05-06T20:43:03 IST" duration-ms="12392">
      <class name="com.source.classes.requisitions.edit.EditTest">
        <test-method is-config="true" signature="setUp()[pri:0, instance:com.source.classes.requisitions.edit.EditTest@2427e004]" started-at="2025-05-06T20:42:51 IST" name="setUp" finished-at="2025-05-06T20:42:51 IST" duration-ms="2" status="PASS">
          <reporter-output>
          </reporter-output>
        </test-method> <!-- setUp -->
        <test-method signature="edit(java.lang.String,java.lang.String)[pri:0, instance:com.source.classes.requisitions.edit.EditTest@2427e004]" started-at="2025-05-06T20:42:51 IST" name="edit" finished-at="2025-05-06T20:43:03 IST" duration-ms="12384" status="PASS">
          <params>
            <param index="0">
              <value>
                <![CDATA[PS]]>
              </value>
            </param>
            <param index="1">
              <value>
                <![CDATA[Catalog]]>
              </value>
            </param>
          </params>
          <reporter-output>
          </reporter-output>
        </test-method> <!-- edit -->
      </class> <!-- com.source.classes.requisitions.edit.EditTest -->
    </test> <!-- Requisition Edit -->
    <test started-at="2025-05-06T20:43:03 IST" name="Requisition Send For Approval" finished-at="2025-05-06T20:43:12 IST" duration-ms="8506">
      <class name="com.source.classes.requisitions.sendforapproval.SendForApprovalTest">
        <test-method is-config="true" signature="setUp()[pri:0, instance:com.source.classes.requisitions.sendforapproval.SendForApprovalTest@1b58ff9e]" started-at="2025-05-06T20:43:03 IST" name="setUp" finished-at="2025-05-06T20:43:03 IST" duration-ms="10" status="PASS">
          <reporter-output>
          </reporter-output>
        </test-method> <!-- setUp -->
        <test-method signature="sendForApproval(java.lang.String,java.lang.String)[pri:0, instance:com.source.classes.requisitions.sendforapproval.SendForApprovalTest@1b58ff9e]" started-at="2025-05-06T20:43:03 IST" name="sendForApproval" finished-at="2025-05-06T20:43:12 IST" duration-ms="8482" status="PASS">
          <params>
            <param index="0">
              <value>
                <![CDATA[PS]]>
              </value>
            </param>
            <param index="1">
              <value>
                <![CDATA[Catalog]]>
              </value>
            </param>
          </params>
          <reporter-output>
          </reporter-output>
        </test-method> <!-- sendForApproval -->
      </class> <!-- com.source.classes.requisitions.sendforapproval.SendForApprovalTest -->
    </test> <!-- Requisition Send For Approval -->
    <test started-at="2025-05-06T20:43:12 IST" name="Requisition Reject" finished-at="2025-05-06T20:43:42 IST" duration-ms="30849">
      <class name="com.source.classes.requisitions.reject.RejectTest">
        <test-method is-config="true" signature="setUp()[pri:0, instance:com.source.classes.requisitions.reject.RejectTest@3277e499]" started-at="2025-05-06T20:43:12 IST" name="setUp" finished-at="2025-05-06T20:43:12 IST" duration-ms="2" status="PASS">
          <reporter-output>
          </reporter-output>
        </test-method> <!-- setUp -->
        <test-method signature="reject(java.lang.String,java.lang.String)[pri:0, instance:com.source.classes.requisitions.reject.RejectTest@3277e499]" started-at="2025-05-06T20:43:12 IST" name="reject" finished-at="2025-05-06T20:43:42 IST" duration-ms="30842" status="PASS">
          <params>
            <param index="0">
              <value>
                <![CDATA[PS]]>
              </value>
            </param>
            <param index="1">
              <value>
                <![CDATA[Catalog]]>
              </value>
            </param>
          </params>
          <reporter-output>
          </reporter-output>
        </test-method> <!-- reject -->
      </class> <!-- com.source.classes.requisitions.reject.RejectTest -->
    </test> <!-- Requisition Reject -->
    <test started-at="2025-05-06T20:43:43 IST" name="Requisition Approve" finished-at="2025-05-06T20:43:51 IST" duration-ms="8210">
      <class name="com.source.classes.requisitions.approve.ApproveTest">
        <test-method is-config="true" signature="setUp()[pri:0, instance:com.source.classes.requisitions.approve.ApproveTest@5400db36]" started-at="2025-05-06T20:43:43 IST" name="setUp" finished-at="2025-05-06T20:43:43 IST" duration-ms="3" status="PASS">
          <reporter-output>
          </reporter-output>
        </test-method> <!-- setUp -->
        <test-method signature="approve(java.lang.String,java.lang.String)[pri:0, instance:com.source.classes.requisitions.approve.ApproveTest@5400db36]" started-at="2025-05-06T20:43:43 IST" name="approve" finished-at="2025-05-06T20:43:51 IST" duration-ms="8198" status="PASS">
          <params>
            <param index="0">
              <value>
                <![CDATA[PS]]>
              </value>
            </param>
            <param index="1">
              <value>
                <![CDATA[Catalog]]>
              </value>
            </param>
          </params>
          <reporter-output>
          </reporter-output>
        </test-method> <!-- approve -->
      </class> <!-- com.source.classes.requisitions.approve.ApproveTest -->
    </test> <!-- Requisition Approve -->
    <test started-at="2025-05-06T20:43:51 IST" name="Requisition Buyer Manager Suspend" finished-at="2025-05-06T20:44:35 IST" duration-ms="44546">
      <class name="com.source.classes.requisitions.suspend.BuyerManagerSuspendTest">
        <test-method is-config="true" signature="globalSetup()[pri:0, instance:com.source.classes.requisitions.suspend.BuyerManagerSuspendTest@5aa0dbf4]" started-at="2025-05-06T20:42:13 IST" name="globalSetup" finished-at="2025-05-06T20:42:28 IST" duration-ms="14890" status="PASS">
          <reporter-output>
          </reporter-output>
        </test-method> <!-- globalSetup -->
        <test-method is-config="true" signature="setUp()[pri:0, instance:com.source.classes.requisitions.suspend.BuyerManagerSuspendTest@5aa0dbf4]" started-at="2025-05-06T20:43:51 IST" name="setUp" finished-at="2025-05-06T20:43:51 IST" duration-ms="2" status="PASS">
          <reporter-output>
          </reporter-output>
        </test-method> <!-- setUp -->
        <test-method signature="suspend(java.lang.String,java.lang.String)[pri:0, instance:com.source.classes.requisitions.suspend.BuyerManagerSuspendTest@5aa0dbf4]" started-at="2025-05-06T20:43:51 IST" name="suspend" finished-at="2025-05-06T20:44:35 IST" duration-ms="44528" status="PASS">
          <params>
            <param index="0">
              <value>
                <![CDATA[PS]]>
              </value>
            </param>
            <param index="1">
              <value>
                <![CDATA[Catalog]]>
              </value>
            </param>
          </params>
          <reporter-output>
          </reporter-output>
        </test-method> <!-- suspend -->
        <test-method is-config="true" signature="globalTearDown()[pri:0, instance:com.source.classes.requisitions.suspend.BuyerManagerSuspendTest@5aa0dbf4]" started-at="2025-05-06T20:44:35 IST" name="globalTearDown" finished-at="2025-05-06T20:44:54 IST" duration-ms="18377" status="PASS">
          <reporter-output>
          </reporter-output>
        </test-method> <!-- globalTearDown -->
      </class> <!-- com.source.classes.requisitions.suspend.BuyerManagerSuspendTest -->
    </test> <!-- Requisition Buyer Manager Suspend -->
  </suite> <!-- GePS-HOPES_YEA PS Catalog Test Cases -->
</testng-results>
